<?xml version="1.0" encoding="UTF-8"?>
<testng-results skipped="0" failed="0" ignored="0" total="2" passed="2">
  <reporter-output>
  </reporter-output>
  <suite name="Suite" duration-ms="40123" started-at="2022-02-03T21:31:31 IST" finished-at="2022-02-03T21:32:11 IST">
    <groups>
    </groups>
    <test name="Test" duration-ms="40123" started-at="2022-02-03T21:31:31 IST" finished-at="2022-02-03T21:32:11 IST">
      <class name="qa.tests.LoginPageTest">
        <test-method status="PASS" signature="setUp()[pri:0, instance:qa.tests.LoginPageTest@cb51256]" name="setUp" is-config="true" duration-ms="15748" started-at="2022-02-03T21:31:31 IST" finished-at="2022-02-03T21:31:47 IST">
          <reporter-output>
          </reporter-output>
        </test-method> <!-- setUp -->
        <test-method status="PASS" signature="validateLoginTest()[pri:0, instance:qa.tests.LoginPageTest@cb51256]" name="validateLoginTest" duration-ms="7640" started-at="2022-02-03T21:31:47 IST" finished-at="2022-02-03T21:31:55 IST">
          <reporter-output>
          </reporter-output>
        </test-method> <!-- validateLoginTest -->
        <test-method status="PASS" signature="closeResources()[pri:0, instance:qa.tests.LoginPageTest@cb51256]" name="closeResources" is-config="true" duration-ms="305" started-at="2022-02-03T21:31:55 IST" finished-at="2022-02-03T21:31:55 IST">
          <reporter-output>
          </reporter-output>
        </test-method> <!-- closeResources -->
        <test-method status="PASS" signature="setUp()[pri:0, instance:qa.tests.LoginPageTest@cb51256]" name="setUp" is-config="true" duration-ms="15280" started-at="2022-02-03T21:31:55 IST" finished-at="2022-02-03T21:32:10 IST">
          <reporter-output>
          </reporter-output>
        </test-method> <!-- setUp -->
        <test-method status="PASS" signature="validateLogoTest()[pri:0, instance:qa.tests.LoginPageTest@cb51256]" name="validateLogoTest" duration-ms="571" started-at="2022-02-03T21:32:10 IST" finished-at="2022-02-03T21:32:11 IST">
          <reporter-output>
          </reporter-output>
        </test-method> <!-- validateLogoTest -->
        <test-method status="PASS" signature="closeResources()[pri:0, instance:qa.tests.LoginPageTest@cb51256]" name="closeResources" is-config="true" duration-ms="481" started-at="2022-02-03T21:32:11 IST" finished-at="2022-02-03T21:32:11 IST">
          <reporter-output>
          </reporter-output>
        </test-method> <!-- closeResources -->
      </class> <!-- qa.tests.LoginPageTest -->
    </test> <!-- Test -->
  </suite> <!-- Suite -->
</testng-results>
